Determining if the pthread_create exist failed with the following output:
Change Dir: /darth/website/project-to-rename-spc-titles/extlib/game-music-emu-0.6.0/CMakeFiles/CMakeTmp

Run Build Command:/usr/bin/make "cmTryCompileExec3412283212/fast"
/usr/bin/make -f CMakeFiles/cmTryCompileExec3412283212.dir/build.make CMakeFiles/cmTryCompileExec3412283212.dir/build
make[1]: Entering directory '/darth/website/project-to-rename-spc-titles/extlib/game-music-emu-0.6.0/CMakeFiles/CMakeTmp'
/usr/bin/cmake -E cmake_progress_report /darth/website/project-to-rename-spc-titles/extlib/game-music-emu-0.6.0/CMakeFiles/CMakeTmp/CMakeFiles 1
Building C object CMakeFiles/cmTryCompileExec3412283212.dir/CheckSymbolExists.c.o
/usr/bin/cc    -o CMakeFiles/cmTryCompileExec3412283212.dir/CheckSymbolExists.c.o   -c /darth/website/project-to-rename-spc-titles/extlib/game-music-emu-0.6.0/CMakeFiles/CMakeTmp/CheckSymbolExists.c
Linking C executable cmTryCompileExec3412283212
/usr/bin/cmake -E cmake_link_script CMakeFiles/cmTryCompileExec3412283212.dir/link.txt --verbose=1
/usr/bin/cc       CMakeFiles/cmTryCompileExec3412283212.dir/CheckSymbolExists.c.o  -o cmTryCompileExec3412283212 -rdynamic 
CMakeFiles/cmTryCompileExec3412283212.dir/CheckSymbolExists.c.o: In function `main':
CheckSymbolExists.c:(.text+0x16): undefined reference to `pthread_create'
collect2: error: ld returned 1 exit status
CMakeFiles/cmTryCompileExec3412283212.dir/build.make:88: recipe for target 'cmTryCompileExec3412283212' failed
make[1]: Leaving directory '/darth/website/project-to-rename-spc-titles/extlib/game-music-emu-0.6.0/CMakeFiles/CMakeTmp'
Makefile:114: recipe for target 'cmTryCompileExec3412283212/fast' failed
make[1]: *** [cmTryCompileExec3412283212] Error 1
make: *** [cmTryCompileExec3412283212/fast] Error 2

File /darth/website/project-to-rename-spc-titles/extlib/game-music-emu-0.6.0/CMakeFiles/CMakeTmp/CheckSymbolExists.c:
/* */
#include <pthread.h>

int main(int argc, char** argv)
{
  (void)argv;
#ifndef pthread_create
  return ((int*)(&pthread_create))[argc];
#else
  (void)argc;
  return 0;
#endif
}

Determining if the function pthread_create exists in the pthreads failed with the following output:
Change Dir: /darth/website/project-to-rename-spc-titles/extlib/game-music-emu-0.6.0/CMakeFiles/CMakeTmp

Run Build Command:/usr/bin/make "cmTryCompileExec4162557695/fast"
/usr/bin/make -f CMakeFiles/cmTryCompileExec4162557695.dir/build.make CMakeFiles/cmTryCompileExec4162557695.dir/build
make[1]: Entering directory '/darth/website/project-to-rename-spc-titles/extlib/game-music-emu-0.6.0/CMakeFiles/CMakeTmp'
/usr/bin/cmake -E cmake_progress_report /darth/website/project-to-rename-spc-titles/extlib/game-music-emu-0.6.0/CMakeFiles/CMakeTmp/CMakeFiles 1
Building C object CMakeFiles/cmTryCompileExec4162557695.dir/CheckFunctionExists.c.o
/usr/bin/cc   -DCHECK_FUNCTION_EXISTS=pthread_create   -o CMakeFiles/cmTryCompileExec4162557695.dir/CheckFunctionExists.c.o   -c /usr/share/cmake-2.8/Modules/CheckFunctionExists.c
Linking C executable cmTryCompileExec4162557695
/usr/bin/cmake -E cmake_link_script CMakeFiles/cmTryCompileExec4162557695.dir/link.txt --verbose=1
/usr/bin/cc   -DCHECK_FUNCTION_EXISTS=pthread_create    CMakeFiles/cmTryCompileExec4162557695.dir/CheckFunctionExists.c.o  -o cmTryCompileExec4162557695 -rdynamic -lpthreads 
/usr/bin/ld: cannot find -lpthreads
collect2: error: ld returned 1 exit status
CMakeFiles/cmTryCompileExec4162557695.dir/build.make:88: recipe for target 'cmTryCompileExec4162557695' failed
make[1]: Leaving directory '/darth/website/project-to-rename-spc-titles/extlib/game-music-emu-0.6.0/CMakeFiles/CMakeTmp'
Makefile:114: recipe for target 'cmTryCompileExec4162557695/fast' failed
make[1]: *** [cmTryCompileExec4162557695] Error 1
make: *** [cmTryCompileExec4162557695/fast] Error 2


